[SETTINGS] {
  "date": "2018/11/30 17:39:46",
  "date_iso": "2018-11-30T17:39:46.957361",
  "params": null,
  "system": {
    "nodename": "frost",
    "machine": "x86_64",
    "platform": "Linux-4.4.0-139-generic-x86_64-with-debian-stretch-sid",
    "processor": "x86_64",
    "version": "#165-Ubuntu SMP Wed Oct 24 10:58:50 UTC 2018",
    "system": "Linux",
    "cpu_count": 8,
    "cpu_times": {
      "user": 12229.06,
      "system": 925.21,
      "idle": 217839.04,
      "nice": 32.81
    },
    "cpu_percent": 44.9,
    "virtual_memory": {
      "total": 33618411520,
      "available": 20651200512,
      "percent": 38.6,
      "used": 11952947200,
      "free": 12283924480
    }
  },
  "process": {
    "username": "elia",
    "cwd": "/cw/dtailocal/repos/PxS/note",
    "create_time": 1543595978.51,
    "cpu_times": {
      "user": 0.95,
      "system": 0.15
    }
  },
  "logfile": "/cw/dtailocal/repos/PxS/note/PxS_log_predict",
  "max_time": 600.0,
  "command": "./backend/predict -c /cw/dtailocal/repos/PxS/note/config.json"
}
[INFO] cmd:./backend/predict -c /cw/dtailocal/repos/PxS/note/config.json; cwd:/cw/dtailocal/repos/PxS/src/PythonXSmile
[INFO] Start: Run process
[INFO] Write log to /cw/dtailocal/repos/PxS/note/PxS_log_predict.running.log
Configfile: '/cw/dtailocal/repos/PxS/note/config.json'
[INFO] Process ended (returncode 0)
[INFO] Finished: Run process 0.201 seconds
[WARNING] Exit:finished; Returncode:0; Time:0.20101
